io.dropwizard.testing.app.GzipDefaultVaryBehaviourTest.testDefaultVaryHeader 8130499807 46397665 1620168598 7477838880 0 49389911 3299219088 15488 
io.dropwizard.testing.app.GzipDefaultVaryBehaviourTest.testDefaultVaryHeader 8136155001 48141894 1620759445 7638084359 0 49507151 3466468416 15709 
io.dropwizard.testing.app.GzipDefaultVaryBehaviourTest.testDefaultVaryHeader 8119163094 47041628 1617737885 7625046323 0 49741694 3431147628 16362 
io.dropwizard.testing.app.GzipDefaultVaryBehaviourTest.testDefaultVaryHeader 11180154770 72220401 2200980450 11096022719 0 67003428 5420614715 27301 
io.dropwizard.testing.app.GzipDefaultVaryBehaviourTest.testDefaultVaryHeader 9533286619 57947578 1882790531 8942667167 0 56055306 4180103004 36254 
io.dropwizard.testing.app.GzipDefaultVaryBehaviourTest.testDefaultVaryHeader 4420472013 21409299 889954914 3879170059 0 24848068 1654763513 8054 
io.dropwizard.testing.app.GzipDefaultVaryBehaviourTest.testDefaultVaryHeader 4714440431 33664521 916920779 5050952136 0 29706101 2709877420 15015 
io.dropwizard.testing.app.GzipDefaultVaryBehaviourTest.testDefaultVaryHeader 4884117928 32578673 962597071 5090553674 0 33181684 2393923488 11255 
io.dropwizard.testing.app.GzipDefaultVaryBehaviourTest.testDefaultVaryHeader 7114184174 38745347 1430002615 6728754744 0 42753876 2904111853 43479 
io.dropwizard.testing.app.GzipDefaultVaryBehaviourTest.testDefaultVaryHeader 4749043647 33834707 922626801 5055367404 0 29619317 2654200707 13333 
io.dropwizard.testing.app.GzipDefaultVaryBehaviourTest.testDefaultVaryHeader 10406833248 65943220 2047138355 10168332517 0 61899945 5108616394 21062 
io.dropwizard.testing.app.GzipDefaultVaryBehaviourTest.testDefaultVaryHeader 7252193422 53243300 1409395060 8187749175 0 46882298 4383207057 11522 
io.dropwizard.testing.app.GzipDefaultVaryBehaviourTest.testDefaultVaryHeader 267132354 1102302 54047678 222214304 0 1612076 83477607 558 
io.dropwizard.testing.app.PersonResourceExceptionMapperTest.testDefaultJsonProcessingMapper 8131882228 46406052 1620419817 7479067525 0 49397144 3299852364 15507 
io.dropwizard.testing.app.PersonResourceExceptionMapperTest.testDefaultExceptionMapper 8133362641 46413464 1620688243 7480174002 0 49403729 3300291767 15527 
io.dropwizard.testing.app.PersonResourceExceptionMapperTest.testDefaultEofExceptionMapper 8134711449 46420745 1620932578 7481196290 0 49409361 3300689929 15547 
io.dropwizard.testing.app.PersonResourceExceptionMapperTest.testDefaultConstraintViolation 8136030545 46427954 1621171797 7482208222 0 49414831 3301106822 15568 
io.dropwizard.testing.app.PersonResourceExceptionMapperTest.testDefaultJsonProcessingMapper 8137699887 48150709 1621040321 7639406724 0 49514609 3467121159 15728 
io.dropwizard.testing.app.PersonResourceExceptionMapperTest.testDefaultExceptionMapper 8138985414 48157701 1621273104 7640386914 0 49520778 3467509218 15748 
io.dropwizard.testing.app.PersonResourceExceptionMapperTest.testDefaultEofExceptionMapper 8140328823 48164963 1621516349 7641407973 0 49526480 3467884366 15768 
io.dropwizard.testing.app.PersonResourceExceptionMapperTest.testDefaultConstraintViolation 8141641875 48172235 1621754412 7642410776 0 49532025 3468275870 15789 
io.dropwizard.testing.app.PersonResourceExceptionMapperTest.testDefaultJsonProcessingMapper 8120541806 47054123 1617988004 7627212073 0 49750328 3432359594 16381 
io.dropwizard.testing.app.PersonResourceExceptionMapperTest.testDefaultExceptionMapper 8122062600 47063686 1618264516 7628731344 0 49758298 3433193437 16401 
io.dropwizard.testing.app.PersonResourceExceptionMapperTest.testDefaultEofExceptionMapper 8123418857 47073673 1618509778 7630246604 0 49765712 3433890596 16421 
io.dropwizard.testing.app.PersonResourceExceptionMapperTest.testDefaultConstraintViolation 8124738317 47081289 1618748529 7631353133 0 49772010 3434480294 16442 
io.dropwizard.testing.app.PersonResourceExceptionMapperTest.testDefaultConstraintViolation 10903053710 69238198 2146677081 10777084513 0 64800381 5220736254 27174 
io.dropwizard.testing.app.PersonResourceExceptionMapperTest.testDefaultExceptionMapper 10904051987 69245050 2146862698 10777962954 0 64806315 5221137965 27174 
io.dropwizard.testing.app.PersonResourceExceptionMapperTest.testDefaultJsonProcessingMapper 10905060853 69251640 2147049639 10778803844 0 64811798 5221522306 27174 
io.dropwizard.testing.app.PersonResourceExceptionMapperTest.testDefaultEofExceptionMapper 10906096589 69258497 2147241698 10779661608 0 64817067 5221916157 27174 
io.dropwizard.testing.app.PersonResourceExceptionMapperTest.testDefaultConstraintViolation 4756795247 32511839 924040373 4671154263 0 29232625 2363870413 13340 
io.dropwizard.testing.app.PersonResourceExceptionMapperTest.testDefaultJsonProcessingMapper 4757919804 32518956 924243084 4672163626 0 29239912 2364340914 13340 
io.dropwizard.testing.app.PersonResourceExceptionMapperTest.testDefaultEofExceptionMapper 4759040785 32526053 924444186 4673106457 0 29246482 2364733549 13340 
io.dropwizard.testing.app.PersonResourceExceptionMapperTest.testDefaultExceptionMapper 4760138292 32532877 924642851 4674020502 0 29252592 2365112407 13340 
io.dropwizard.testing.app.PersonResourceExceptionMapperTest.testDefaultConstraintViolation 4421725333 21419599 890183147 3880615037 0 24857907 1655398743 8054 
io.dropwizard.testing.app.PersonResourceExceptionMapperTest.testDefaultEofExceptionMapper 4422863475 21428377 890388170 3881816315 0 24866226 1655892509 8054 
io.dropwizard.testing.app.PersonResourceExceptionMapperTest.testDefaultExceptionMapper 4423991726 21436922 890591437 3882964290 0 24874075 1656355209 8054 
io.dropwizard.testing.app.PersonResourceExceptionMapperTest.testDefaultJsonProcessingMapper 4425169000 21445786 890804306 3884199207 0 24881899 1656840214 8054 
io.dropwizard.testing.app.PersonResourceExceptionMapperTest.testDefaultEofExceptionMapper 78144863 424121 15807794 89007183 0 567690 33636139 122 
io.dropwizard.testing.app.PersonResourceExceptionMapperTest.testDefaultJsonProcessingMapper 80507948 445465 16222748 92672225 0 587342 35258261 122 
io.dropwizard.testing.app.PersonResourceExceptionMapperTest.testDefaultConstraintViolation 82876883 465657 16639868 96133508 0 605449 36674548 122 
io.dropwizard.testing.app.PersonResourceExceptionMapperTest.testDefaultExceptionMapper 85059286 485570 17024667 99281355 0 622246 37994138 122 
io.dropwizard.testing.app.PersonResourceExceptionMapperTest.testDefaultJsonProcessingMapper 4875063127 32501636 960969498 5078107276 0 33130051 2388234329 11254 
io.dropwizard.testing.app.PersonResourceExceptionMapperTest.testDefaultEofExceptionMapper 4877007389 32518132 961311464 5080737063 0 33142458 2389312182 11254 
io.dropwizard.testing.app.PersonResourceExceptionMapperTest.testDefaultConstraintViolation 4878940596 32535225 961651226 5083315318 0 33153993 2390327638 11254 
io.dropwizard.testing.app.PersonResourceExceptionMapperTest.testDefaultExceptionMapper 4880841890 32552016 961988793 5085865693 0 33165250 2391324397 11254 
io.dropwizard.testing.app.PersonResourceExceptionMapperTest.testDefaultExceptionMapper 113649219 584066 22559114 149542013 0 750137 50789609 150 
io.dropwizard.testing.app.PersonResourceExceptionMapperTest.testDefaultJsonProcessingMapper 115391232 595743 22870889 151797133 0 761569 51545539 150 
io.dropwizard.testing.app.PersonResourceExceptionMapperTest.testDefaultEofExceptionMapper 117160340 607414 23187939 154089515 0 772969 52312155 150 
io.dropwizard.testing.app.PersonResourceExceptionMapperTest.testDefaultConstraintViolation 119041735 619041 23528037 156465239 0 784574 53054360 150 
io.dropwizard.testing.app.PersonResourceExceptionMapperTest.testDefaultEofExceptionMapper 15669014 115773 2985663 23583590 0 127848 9291664 9 
io.dropwizard.testing.app.PersonResourceExceptionMapperTest.testDefaultConstraintViolation 18081951 134975 3410530 27050528 0 147521 10523264 9 
io.dropwizard.testing.app.PersonResourceExceptionMapperTest.testDefaultJsonProcessingMapper 20383423 153631 3816700 30320045 0 165132 11693812 9 
io.dropwizard.testing.app.PersonResourceExceptionMapperTest.testDefaultExceptionMapper 22594071 174537 4205373 33545359 0 182485 13048392 9 
io.dropwizard.testing.app.PersonResourceExceptionMapperTest.testDefaultExceptionMapper 6545206522 45947443 1265256156 6618723069 0 40417292 3545085948 15598 
io.dropwizard.testing.app.PersonResourceExceptionMapperTest.testDefaultEofExceptionMapper 6546689602 45955982 1265523190 6620093607 0 40425083 3545709051 15598 
io.dropwizard.testing.app.PersonResourceExceptionMapperTest.testDefaultConstraintViolation 6548299559 45966526 1265817961 6621606701 0 40433153 3546361826 15599 
io.dropwizard.testing.app.PersonResourceExceptionMapperTest.testDefaultJsonProcessingMapper 6549708602 45975228 1266075023 6622847573 0 40439792 3546887516 15599 
io.dropwizard.testing.app.PersonResourceExceptionMapperTest.testDefaultJsonProcessingMapper 10685977237 68702810 2106332056 11208208248 0 64664179 5667907833 48003 
io.dropwizard.testing.app.PersonResourceExceptionMapperTest.testDefaultExceptionMapper 10686952303 68710001 2106512145 11209199307 0 64670291 5668369772 48003 
io.dropwizard.testing.app.PersonResourceExceptionMapperTest.testDefaultConstraintViolation 10687938836 68717164 2106694168 11210154725 0 64675986 5668796399 48003 
io.dropwizard.testing.app.PersonResourceExceptionMapperTest.testDefaultEofExceptionMapper 10688916297 68724056 2106874502 11211055063 0 64681160 5669182901 48003 
io.dropwizard.testing.app.PersonResourceExceptionMapperTest.testDefaultJsonProcessingMapper 7138800482 39199417 1425629474 6425654062 0 43314027 2725670342 19962 
io.dropwizard.testing.app.PersonResourceExceptionMapperTest.testDefaultConstraintViolation 7140371894 39209270 1425914892 6427829362 0 43323342 2726504957 19964 
io.dropwizard.testing.app.PersonResourceExceptionMapperTest.testDefaultExceptionMapper 7141935398 39218528 1426191092 6429793384 0 43331986 2727183713 19964 
io.dropwizard.testing.app.PersonResourceExceptionMapperTest.testDefaultEofExceptionMapper 7143492463 39227867 1426469306 6431737984 0 43340096 2727875462 19965 
io.dropwizard.testing.app.ResourceTestRuleTest.testDefaultJsonProcessingMapper 8749236674 50587982 1742157096 8108185824 0 52944151 3651799331 25726 
io.dropwizard.testing.app.ResourceTestRuleTest.testCustomClientConfiguration 8938081354 52160483 1776895756 8286362900 0 53841634 3768027384 25730 
io.dropwizard.testing.app.ResourceTestRuleTest.testDefaultExceptionMapper 9190994568 54319955 1823685960 8537156568 0 55074232 3935514693 25755 
io.dropwizard.testing.app.ResourceTestRuleTest.testDefaultEofExceptionMapper 9408317783 56157797 1863621819 8743266235 0 55974261 4078484715 25760 
io.dropwizard.testing.app.ResourceTestRuleTest.testValidationGroupsException 9621226070 57869772 1902821215 8938437496 0 56829429 4207211714 25777 
io.dropwizard.testing.app.ResourceTestRuleTest.testGetImmutableListOfPersons 9870710620 59720213 1949901225 9163507973 0 57825421 4350076175 25826 
io.dropwizard.testing.app.ResourceTestRuleTest.testDefaultConstraintViolation 10145524744 61696136 2001808445 9416351689 0 59038565 4499280110 26009 
io.dropwizard.testing.app.ResourceTestRuleTest.testGetPerson 10356272284 63423464 2040532365 9610975813 0 59852112 4626488684 26090 
io.dropwizard.testing.app.ResourceTestRuleTest.testGetPersonWithQueryParam 10551792613 64980625 2076298435 9788991906 0 60514273 4752890064 26094 
io.dropwizard.testing.app.ResourceTestRuleTest.testDefaultJsonProcessingMapper 8753743204 52278729 1742454256 8252248979 0 53026742 3793074433 25753 
io.dropwizard.testing.app.ResourceTestRuleTest.testCustomClientConfiguration 8939956566 53799877 1776643411 8421064257 0 53899397 3901270998 25756 
io.dropwizard.testing.app.ResourceTestRuleTest.testDefaultExceptionMapper 9191784062 55940483 1823091167 8662723589 0 55144096 4059340726 25785 
io.dropwizard.testing.app.ResourceTestRuleTest.testDefaultEofExceptionMapper 9411179937 57817903 1863329887 8866981215 0 56097719 4196969349 25789 
io.dropwizard.testing.app.ResourceTestRuleTest.testValidationGroupsException 9630309886 59620621 1903633982 9072044152 0 57004992 4339376114 25806 
io.dropwizard.testing.app.ResourceTestRuleTest.testGetImmutableListOfPersons 9884780881 61498177 1951612711 9301104221 0 58022281 4490490078 25857 
io.dropwizard.testing.app.ResourceTestRuleTest.testDefaultConstraintViolation 10162443014 63456769 2004000780 9561337695 0 59228114 4654918786 26062 
io.dropwizard.testing.app.ResourceTestRuleTest.testGetPerson 10374318701 65159469 2042893282 9761388575 0 60025837 4795282962 26142 
io.dropwizard.testing.app.ResourceTestRuleTest.testGetPersonWithQueryParam 10572922276 66705138 2079196878 9937864870 0 60688809 4921105047 26145 
io.dropwizard.testing.app.ResourceTestRuleTest.testDefaultJsonProcessingMapper 8739202790 51587113 1740107712 8346514560 0 53507405 3827223836 26640 
io.dropwizard.testing.app.ResourceTestRuleTest.testCustomClientConfiguration 8920270492 53118188 1773267854 8519326302 0 54402337 3947409534 26643 
io.dropwizard.testing.app.ResourceTestRuleTest.testDefaultExceptionMapper 9167501214 55267333 1818708869 8766970501 0 55664983 4121186602 26672 
io.dropwizard.testing.app.ResourceTestRuleTest.testDefaultEofExceptionMapper 9381834642 57171787 1857974154 8980567647 0 56672664 4278013076 26690 
io.dropwizard.testing.app.ResourceTestRuleTest.testValidationGroupsException 9589013482 58941135 1895906735 9186387174 0 57574072 4430986516 26709 
io.dropwizard.testing.app.ResourceTestRuleTest.testGetImmutableListOfPersons 9828450402 60801354 1940935334 9418054347 0 58576862 4598629444 26769 
io.dropwizard.testing.app.ResourceTestRuleTest.testDefaultConstraintViolation 10083908368 62743323 1989036085 9679836039 0 59789821 4771637814 26943 
io.dropwizard.testing.app.ResourceTestRuleTest.testGetPerson 10269939475 64388223 2022986917 9874096392 0 60606341 4911835272 27028 
io.dropwizard.testing.app.ResourceTestRuleTest.testGetPersonWithQueryParam 10437407864 65829239 2053388339 10042042935 0 61280491 5035235335 27039 
io.dropwizard.testing.app.ResourceTestRuleTest.testValidationGroupsException 4685138477 31442420 922046702 4887046831 0 31892502 2248899523 9502 
io.dropwizard.testing.app.ResourceTestRuleTest.testGetImmutableListOfPersons 5027080346 34036118 987448440 5234278826 0 33709906 2484623695 13175 
io.dropwizard.testing.app.ResourceTestRuleTest.testCustomClientConfiguration 5200565850 35939481 1019193248 5471163204 0 34666627 2625546706 14327 
io.dropwizard.testing.app.ResourceTestRuleTest.testDefaultConstraintViolation 5521170993 38442939 1079755656 5813351868 0 36384199 2840412498 14540 
io.dropwizard.testing.app.ResourceTestRuleTest.testDefaultExceptionMapper 5717277331 40215120 1115387937 6019975495 0 37301174 2999279139 14546 
io.dropwizard.testing.app.ResourceTestRuleTest.testDefaultEofExceptionMapper 5900804165 41836266 1148698096 6205520470 0 38094938 3135172959 14559 
io.dropwizard.testing.app.ResourceTestRuleTest.testGetPersonWithQueryParam 6092405932 43457424 1183714428 6401515974 0 38977248 3276635367 14577 
io.dropwizard.testing.app.ResourceTestRuleTest.testGetPerson 6275747173 45053501 1217043399 6591565418 0 39836799 3411145834 14650 
io.dropwizard.testing.app.ResourceTestRuleTest.testDefaultJsonProcessingMapper 6442818855 46422288 1247348234 6753115117 0 40512711 3528841204 14657 
io.dropwizard.testing.app.ResourceTestRuleTest.testDefaultEofExceptionMapper 2414931121 14190506 481825190 2339036068 0 16533442 920600010 12108 
io.dropwizard.testing.app.ResourceTestRuleTest.testCustomClientConfiguration 2635277619 16146979 522303043 2553426800 0 17875216 1045527247 12335 
io.dropwizard.testing.app.ResourceTestRuleTest.testGetImmutableListOfPersons 3291057293 19842722 652698799 3150301120 0 21586331 1346189346 12903 
io.dropwizard.testing.app.ResourceTestRuleTest.testDefaultJsonProcessingMapper 3575098877 22186106 706037027 3473373168 0 23163408 1538436470 12984 
io.dropwizard.testing.app.ResourceTestRuleTest.testGetPersonWithQueryParam 3846216326 24580721 756534381 3753098393 0 24624382 1729391492 13035 
io.dropwizard.testing.app.ResourceTestRuleTest.testDefaultConstraintViolation 4163422799 27164066 816379583 4078236890 0 26375128 1944547527 13235 
io.dropwizard.testing.app.ResourceTestRuleTest.testValidationGroupsException 4370292654 29002013 854060567 4283919841 0 27349216 2090131341 13258 
io.dropwizard.testing.app.ResourceTestRuleTest.testGetPerson 4558558907 30734098 888067932 4470807523 0 28236425 2225327707 13264 
io.dropwizard.testing.app.ResourceTestRuleTest.testDefaultExceptionMapper 4755608299 32503617 923823219 4669765362 0 29223533 2362982752 13340 
io.dropwizard.testing.app.ResourceTestRuleTest.testGetImmutableListOfPersons 8747559371 52200506 1742933743 8791917005 0 53455589 4007702282 25803 
io.dropwizard.testing.app.ResourceTestRuleTest.testGetPerson 8975158735 54408946 1784661536 9105353604 0 54731942 4184204597 25817 
io.dropwizard.testing.app.ResourceTestRuleTest.testCustomClientConfiguration 9144877588 55812354 1815949306 9273133504 0 55499024 4303705584 25824 
io.dropwizard.testing.app.ResourceTestRuleTest.testValidationGroupsException 9395332885 57873661 1862758348 9538936555 0 56709088 4494667908 25881 
io.dropwizard.testing.app.ResourceTestRuleTest.testDefaultJsonProcessingMapper 9594335409 59647361 1899088498 9748894936 0 57620438 4653304162 25891 
io.dropwizard.testing.app.ResourceTestRuleTest.testGetPersonWithQueryParam 9781015464 61331705 1933017184 9945390770 0 58465578 4801091231 25900 
io.dropwizard.testing.app.ResourceTestRuleTest.testDefaultConstraintViolation 10031049650 63246089 1980093894 10203174263 0 59711515 4964476510 26076 
io.dropwizard.testing.app.ResourceTestRuleTest.testDefaultEofExceptionMapper 10215388363 64880139 2013762798 10388827655 0 60502882 5093822930 26163 
io.dropwizard.testing.app.ResourceTestRuleTest.testDefaultExceptionMapper 10385853429 66368352 2044683572 10571272909 0 61195886 5228204371 26166 
io.dropwizard.testing.app.ResourceTestRuleTest.testGetPerson 2742547796 15483977 550798239 2814318740 0 18581556 1228080705 14521 
io.dropwizard.testing.app.ResourceTestRuleTest.testGetImmutableListOfPersons 3080998347 18896289 614362316 3244737864 0 20993714 1475893415 14586 
io.dropwizard.testing.app.ResourceTestRuleTest.testDefaultExceptionMapper 3397977164 22347460 673942618 3694268196 0 23088042 1738151263 14683 
io.dropwizard.testing.app.ResourceTestRuleTest.testValidationGroupsException 3636135494 24475568 717860031 3945320262 0 24363057 1925641851 14702 
io.dropwizard.testing.app.ResourceTestRuleTest.testDefaultConstraintViolation 3981831396 27180844 783558845 4310710194 0 26289716 2167709715 14929 
io.dropwizard.testing.app.ResourceTestRuleTest.testCustomClientConfiguration 4137592637 28515039 811943493 4463430432 0 26969984 2280701513 14931 
io.dropwizard.testing.app.ResourceTestRuleTest.testDefaultJsonProcessingMapper 4325314632 30231677 846067181 4652241601 0 27860938 2418952798 14939 
io.dropwizard.testing.app.ResourceTestRuleTest.testGetPersonWithQueryParam 4507425219 31883193 879074139 4836858931 0 28734042 2555211629 14943 
io.dropwizard.testing.app.ResourceTestRuleTest.testDefaultEofExceptionMapper 4692532616 33528793 912783425 5030798386 0 29615886 2697886911 15015 
io.dropwizard.testing.app.ResourceTestRuleTest.testGetPersonWithQueryParam 8991314418 54823804 1790361965 8892915150 0 55611899 3993846875 20731 
io.dropwizard.testing.app.ResourceTestRuleTest.testGetImmutableListOfPersons 9207083836 56510694 1830843464 9097434339 0 56618463 4130508373 20760 
io.dropwizard.testing.app.ResourceTestRuleTest.testDefaultEofExceptionMapper 9393965672 58126541 1865087190 9283241555 0 57494413 4256686230 20821 
io.dropwizard.testing.app.ResourceTestRuleTest.testDefaultConstraintViolation 9668588281 60088081 1917241195 9550237412 0 58809952 4422462606 20985 
io.dropwizard.testing.app.ResourceTestRuleTest.testGetPerson 9837239771 61555745 1947867623 9711979464 0 59511257 4546897894 20992 
io.dropwizard.testing.app.ResourceTestRuleTest.testDefaultExceptionMapper 10022740252 63008018 1981775216 9893977892 0 60253148 4685437571 21006 
io.dropwizard.testing.app.ResourceTestRuleTest.testValidationGroupsException 10187861500 64346016 2011868607 10052712964 0 60909171 4802047823 21018 
io.dropwizard.testing.app.ResourceTestRuleTest.testDefaultJsonProcessingMapper 10346024330 65617455 2040615522 10200905665 0 61510681 4910887662 21021 
io.dropwizard.testing.app.ResourceTestRuleTest.testCustomClientConfiguration 10472268922 66523827 2063619135 10310636266 0 61919570 4988191782 21040 
io.dropwizard.testing.app.ResourceTestRuleTest.testValidationGroupsException 9446837187 57136890 1880806345 9608138980 0 56864947 4373490213 45369 
io.dropwizard.testing.app.ResourceTestRuleTest.testGetPersonWithQueryParam 9704306783 59360255 1929185746 9893679418 0 58098364 4552115328 45444 
io.dropwizard.testing.app.ResourceTestRuleTest.testCustomClientConfiguration 9872397180 60769764 1960094958 10050165175 0 58720813 4658829382 45457 
io.dropwizard.testing.app.ResourceTestRuleTest.testDefaultJsonProcessingMapper 10087140345 62635321 1999510564 10260511895 0 59587250 4811793807 45584 
io.dropwizard.testing.app.ResourceTestRuleTest.testDefaultExceptionMapper 10290553550 64643008 2036702905 10504031099 0 60424501 4987625541 45589 
io.dropwizard.testing.app.ResourceTestRuleTest.testGetImmutableListOfPersons 10509334523 67087121 2077710853 10833832633 0 61435362 5206294759 45635 
io.dropwizard.testing.app.ResourceTestRuleTest.testDefaultConstraintViolation 10754248907 69545119 2123784110 11213748160 0 62697044 5447355636 45794 
io.dropwizard.testing.app.ResourceTestRuleTest.testGetPerson 10921894107 71451999 2154140561 11456935828 0 63404911 5609352545 45804 
io.dropwizard.testing.app.ResourceTestRuleTest.testDefaultEofExceptionMapper 11085756106 73118543 2183882487 11691036392 0 64051199 5758611618 45805 
io.dropwizard.testing.app.ResourceTestRuleTest.testValidationGroupsException 2529011726 13982597 506408904 2517380911 0 16944911 1073968692 12323 
io.dropwizard.testing.app.ResourceTestRuleTest.testCustomClientConfiguration 2750420821 16337140 547085061 2815195389 0 18523735 1238191603 12586 
io.dropwizard.testing.app.ResourceTestRuleTest.testGetPerson 3281893042 20553488 650998577 3441732017 0 22037882 1563474666 12928 
io.dropwizard.testing.app.ResourceTestRuleTest.testGetPersonWithQueryParam 3543046002 23515243 699453873 3801823649 0 23714568 1785492360 12953 
io.dropwizard.testing.app.ResourceTestRuleTest.testDefaultExceptionMapper 3782967887 25749827 743746172 4063777064 0 24986541 1971815366 13007 
io.dropwizard.testing.app.ResourceTestRuleTest.testDefaultJsonProcessingMapper 3988638008 27660248 781209426 4281154623 0 25985072 2126181935 13021 
io.dropwizard.testing.app.ResourceTestRuleTest.testDefaultConstraintViolation 4303493090 30129150 840730413 4620379068 0 27605224 2344985180 13230 
io.dropwizard.testing.app.ResourceTestRuleTest.testDefaultEofExceptionMapper 4494487489 31887773 875318197 4812027384 0 28438431 2492148344 13235 
io.dropwizard.testing.app.ResourceTestRuleTest.testGetImmutableListOfPersons 4746160951 33814636 922089809 5052025058 0 29605633 2651839382 13333 
io.dropwizard.testing.app.ResourceTestRuleTest.testDefaultExceptionMapper 4688618135 30462524 922929892 4756925490 0 31456966 2251314724 11547 
io.dropwizard.testing.app.ResourceTestRuleTest.testValidationGroupsException 4948475713 32816717 970987195 5033609714 0 32910723 2442515005 15167 
io.dropwizard.testing.app.ResourceTestRuleTest.testGetPersonWithQueryParam 5196444162 34963514 1016979747 5295406467 0 34251185 2625800657 15212 
io.dropwizard.testing.app.ResourceTestRuleTest.testDefaultConstraintViolation 5509489315 37361966 1076116671 5618188825 0 35954098 2837667706 15453 
io.dropwizard.testing.app.ResourceTestRuleTest.testDefaultEofExceptionMapper 5695470315 39042494 1109800272 5807011799 0 36812712 2977960626 15458 
io.dropwizard.testing.app.ResourceTestRuleTest.testGetImmutableListOfPersons 5914990504 40743687 1150812040 6017618464 0 37800944 3125716503 15504 
io.dropwizard.testing.app.ResourceTestRuleTest.testGetPerson 6099728599 42388449 1184358214 6204815063 0 38685655 3255065039 15571 
io.dropwizard.testing.app.ResourceTestRuleTest.testDefaultJsonProcessingMapper 6269046662 43821165 1215056389 6367229576 0 39404845 3369304988 15585 
io.dropwizard.testing.app.ResourceTestRuleTest.testCustomClientConfiguration 6401404998 44820787 1239113797 6484402053 0 39882885 3448782649 15592 
io.dropwizard.testing.app.ResourceTestRuleTest.testGetImmutableListOfPersons 2753280790 15739072 553814603 3066133294 0 18965788 1312569157 5291 
io.dropwizard.testing.app.ResourceTestRuleTest.testDefaultEofExceptionMapper 3052339742 18829952 609042458 3479853205 0 21069403 1572450502 5313 
io.dropwizard.testing.app.ResourceTestRuleTest.testDefaultConstraintViolation 3456022273 22049093 686083949 3938662681 0 23524301 1872792144 5572 
io.dropwizard.testing.app.ResourceTestRuleTest.testCustomClientConfiguration 3636431572 23968126 719212161 4168109936 0 24513627 2028906015 5575 
io.dropwizard.testing.app.ResourceTestRuleTest.testValidationGroupsException 3893722671 26389823 766770270 4489126490 0 25950459 2257714530 5639 
io.dropwizard.testing.app.ResourceTestRuleTest.testGetPerson 4127216681 28576377 809671061 4751981752 0 27121100 2461717962 5663 
io.dropwizard.testing.app.ResourceTestRuleTest.testDefaultExceptionMapper 4340004766 30681196 848591516 5023611691 0 28264525 2653232886 5688 
io.dropwizard.testing.app.ResourceTestRuleTest.testGetPersonWithQueryParam 4525801979 32531195 882208462 5250839381 0 29226402 2813933139 5691 
io.dropwizard.testing.app.ResourceTestRuleTest.testDefaultJsonProcessingMapper 4713770947 34549348 916487995 5533749263 0 30358995 2982404627 5771 
io.dropwizard.testing.app.ResourceTestRuleTest.testCustomClientConfiguration 9558856675 57185099 1899488639 9194802843 0 58239725 4432629882 32446 
io.dropwizard.testing.app.ResourceTestRuleTest.testDefaultJsonProcessingMapper 9800890769 59170708 1945457881 9466114049 0 59511258 4579932538 32517 
io.dropwizard.testing.app.ResourceTestRuleTest.testGetImmutableListOfPersons 10029991521 61267047 1988810767 9756339661 0 60741578 4740929586 32569 
io.dropwizard.testing.app.ResourceTestRuleTest.testValidationGroupsException 10221907115 63154002 2024017338 9992832079 0 61788634 4878978951 32647 
io.dropwizard.testing.app.ResourceTestRuleTest.testDefaultConstraintViolation 10457999110 65232352 2068515212 10283429446 0 63132541 5037984128 33726 
io.dropwizard.testing.app.ResourceTestRuleTest.testGetPerson 10619942600 66941927 2097905663 10489356143 0 63929807 5166259859 36894 
io.dropwizard.testing.app.ResourceTestRuleTest.testDefaultEofExceptionMapper 10776689007 68312224 2126387319 10643914272 0 64525932 5274822755 41667 
io.dropwizard.testing.app.ResourceTestRuleTest.testGetPersonWithQueryParam 10933509273 69671782 2154887975 10809597020 0 65190232 5391305690 44191 
io.dropwizard.testing.app.ResourceTestRuleTest.testDefaultExceptionMapper 11090056464 70906109 2183382873 10954462582 0 65776171 5495113599 44192 
io.dropwizard.testing.app.ResourceTestRuleWithGrizzlyTest.testExceptionMapper 11253060307 68865306 2215274686 10464095577 0 63971331 5118338567 27123 
io.dropwizard.testing.app.ResourceTestRuleWithGrizzlyTest.testResource 11318818153 69541431 2227513311 10549861929 0 64306820 5191506632 28278 
io.dropwizard.testing.app.ResourceTestRuleWithGrizzlyTest.testClientSupportsPatchMethod 11383673743 70288378 2239548980 10656836622 0 64698063 5265173263 29061 
io.dropwizard.testing.app.ResourceTestRuleWithGrizzlyTest.testExceptionMapper 11272342138 70745589 2217706168 10639381189 0 64174778 5303492060 27194 
io.dropwizard.testing.app.ResourceTestRuleWithGrizzlyTest.testResource 11335026108 71473089 2229339629 10735736495 0 64518243 5371118722 28121 
io.dropwizard.testing.app.ResourceTestRuleWithGrizzlyTest.testClientSupportsPatchMethod 11400330254 72114145 2241484331 10824186509 0 64892247 5441813360 28604 
io.dropwizard.testing.app.ResourceTestRuleWithGrizzlyTest.testExceptionMapper 11107199947 69716911 2186437445 10680382669 0 64789934 5343372263 28009 
io.dropwizard.testing.app.ResourceTestRuleWithGrizzlyTest.testResource 11164912621 70295551 2197185348 10749472023 0 65121287 5397639360 28101 
io.dropwizard.testing.app.ResourceTestRuleWithGrizzlyTest.testClientSupportsPatchMethod 11225413435 70926568 2208468266 10829534783 0 65505357 5455802888 28596 
io.dropwizard.testing.app.ResourceTestRuleWithGrizzlyTest.testResource 7121427910 50288116 1381923958 7433382886 0 44252878 3844619041 15653 
io.dropwizard.testing.app.ResourceTestRuleWithGrizzlyTest.testClientSupportsPatchMethod 7189754602 51027236 1394654594 7530915448 0 44739309 3903211951 15668 
io.dropwizard.testing.app.ResourceTestRuleWithGrizzlyTest.testExceptionMapper 7248375686 51687954 1405540490 7616916046 0 45137223 3957993805 15682 
io.dropwizard.testing.app.ResourceTestRuleWithGrizzlyTest.testResource 9384578047 56504141 1854918207 8763590401 0 55145751 4053875052 36182 
io.dropwizard.testing.app.ResourceTestRuleWithGrizzlyTest.testClientSupportsPatchMethod 9456732057 57237348 1868303635 8856546972 0 55605559 4120209332 36209 
io.dropwizard.testing.app.ResourceTestRuleWithGrizzlyTest.testExceptionMapper 9514062421 57819975 1878959718 8920706994 0 55922322 4167497694 36240 
io.dropwizard.testing.app.ResourceTestRuleWithGrizzlyTest.testExceptionMapper 10910555416 68955324 2151188289 11050406595 0 64131407 5435882312 27177 
io.dropwizard.testing.app.ResourceTestRuleWithGrizzlyTest.testResource 10968085886 69572423 2161893557 11125245810 0 64475659 5490904371 29242 
io.dropwizard.testing.app.ResourceTestRuleWithGrizzlyTest.testClientSupportsPatchMethod 11032057786 70255738 2173782374 11239280601 0 64886909 5563075779 29981 
io.dropwizard.testing.app.ResourceTestRuleWithGrizzlyTest.testClientSupportsPatchMethod 11056664867 71245336 2178223542 11251751631 0 66577146 5636610833 25337 
io.dropwizard.testing.app.ResourceTestRuleWithGrizzlyTest.testExceptionMapper 11118716942 71961524 2189781498 11343842371 0 67004423 5697950251 25918 
io.dropwizard.testing.app.ResourceTestRuleWithGrizzlyTest.testResource 11173363913 72555960 2199960989 11422435092 0 67352048 5752789013 26827 
io.dropwizard.testing.app.ResourceTestRuleWithGrizzlyTest.testExceptionMapper 4712325876 30598928 930880173 4809204329 0 31862591 2216907669 11228 
io.dropwizard.testing.app.ResourceTestRuleWithGrizzlyTest.testClientSupportsPatchMethod 4797195753 31558152 946600606 4948599320 0 32507899 2304526157 11251 
io.dropwizard.testing.app.ResourceTestRuleWithGrizzlyTest.testResource 4873061979 32482986 960617145 5074852238 0 33115607 2386495438 11254 
io.dropwizard.testing.app.ResourceTestRuleWithGrizzlyTest.testResource 6581993297 32851855 1326759359 6000877371 0 38704316 2470390753 42646 
io.dropwizard.testing.app.ResourceTestRuleWithGrizzlyTest.testClientSupportsPatchMethod 6676663008 33845295 1344392051 6144471734 0 39399352 2549312195 43306 
io.dropwizard.testing.app.ResourceTestRuleWithGrizzlyTest.testExceptionMapper 6758324607 34677018 1359600302 6247444324 0 39909221 2618484099 43312 
io.dropwizard.testing.app.ResourceTestRuleWithGrizzlyTest.testResource 5318226164 36598141 1037709807 5593393612 0 32862052 2875252613 14422 
io.dropwizard.testing.app.ResourceTestRuleWithGrizzlyTest.testExceptionMapper 5391650320 37310707 1051313237 5683972770 0 33298681 2942374741 14429 
io.dropwizard.testing.app.ResourceTestRuleWithGrizzlyTest.testClientSupportsPatchMethod 5454822721 38096046 1063071991 5787023333 0 33700560 3011157410 14433 
io.dropwizard.testing.app.ResourceTestRuleWithGrizzlyTest.testExceptionMapper 10935559914 68533932 2154393322 10649266084 0 64857352 5323986757 22019 
io.dropwizard.testing.app.ResourceTestRuleWithGrizzlyTest.testResource 10993530999 69142483 2165144365 10724841647 0 65186727 5383387308 22111 
io.dropwizard.testing.app.ResourceTestRuleWithGrizzlyTest.testClientSupportsPatchMethod 11057064087 69861467 2176952034 10823194966 0 65625267 5447732431 22358 
io.dropwizard.testing.app.ResourceTestRuleWithGrizzlyTest.testExceptionMapper 5516941370 39963137 1077427424 6334716716 0 35705659 3383752586 7130 
io.dropwizard.testing.app.ResourceTestRuleWithGrizzlyTest.testClientSupportsPatchMethod 5579803482 40614647 1089096582 6416773415 0 36089765 3441426805 9224 
io.dropwizard.testing.app.ResourceTestRuleWithGrizzlyTest.testResource 5640339917 41276611 1100322932 6502800566 0 36494219 3499090067 10043 
io.dropwizard.testing.app.ResourceTestRuleWithGrizzlyTest.testExceptionMapper 9222830409 53817950 1836823693 8731863010 0 56092565 4141777674 32386 
io.dropwizard.testing.app.ResourceTestRuleWithGrizzlyTest.testResource 9293697851 54579531 1849960807 8824508081 0 56579484 4215161636 32398 
io.dropwizard.testing.app.ResourceTestRuleWithGrizzlyTest.testClientSupportsPatchMethod 9366304208 55428685 1863373792 8945902463 0 57123867 4295864995 32405 
io.dropwizard.testing.app.ResourceTestRuleWithoutLoggingBootstrapTest.testResource 10724017959 66246771 2107950751 9940740363 0 61027816 4859118796 26100 
io.dropwizard.testing.app.ResourceTestRuleWithoutLoggingBootstrapTest.testResource 10737935749 67867088 2109361148 10085860597 0 61190564 5028668588 26154 
io.dropwizard.testing.app.ResourceTestRuleWithoutLoggingBootstrapTest.testResource 10581002009 67015987 2079614771 10186950369 0 61815699 5138955907 27048 
io.dropwizard.testing.app.ResourceTestRuleWithoutLoggingBootstrapTest.testResource 6589567036 47564059 1274054563 6887699416 0 41060583 3619466326 14660 
io.dropwizard.testing.app.ResourceTestRuleWithoutLoggingBootstrapTest.testResource 4911933142 33785256 952211195 4817505344 0 29857772 2465495211 13350 
io.dropwizard.testing.app.ResourceTestRuleWithoutLoggingBootstrapTest.testResource 11171340368 71357138 2199153002 11390279095 0 65372008 5668911016 29984 
io.dropwizard.testing.app.ResourceTestRuleWithoutLoggingBootstrapTest.testResource 10526251185 68617893 2070520886 10745187732 0 63575280 5425740867 24271 
io.dropwizard.testing.app.ResourceTestRuleWithoutLoggingBootstrapTest.testResource 5057568961 34551496 994419863 5353684201 0 34060338 2546039263 11272 
io.dropwizard.testing.app.ResourceTestRuleWithoutLoggingBootstrapTest.testResource 5985994371 29664715 1206719151 5427674540 0 35114556 2218174040 28569 
io.dropwizard.testing.app.ResourceTestRuleWithoutLoggingBootstrapTest.testResource 11228966667 72591206 2211019532 11482198017 0 66951345 5782833354 44344 
io.dropwizard.testing.app.ResourceTestRuleWithoutLoggingBootstrapTest.testResource 6543621516 45936596 1264968678 6616796839 0 40406596 3543839890 15598 
io.dropwizard.testing.app.ResourceTestRuleWithoutLoggingBootstrapTest.testResource 10684897021 68694377 2106132207 11206725588 0 64656130 5666946135 48003 
io.dropwizard.testing.app.ResourceTestRuleWithoutLoggingBootstrapTest.testResource 8401380127 48137874 1671209117 7826327679 0 50730117 3661189370 27278 
io.dropwizard.testing.junit.DAOTestRuleConfigTest.explicitConfigCreatesSessionFactory 8127821114 46381438 1619664559 7475063071 0 49378711 3297146720 15399 
io.dropwizard.testing.junit.DAOTestRuleConfigTest.explicitConfigCreatesSessionFactory 8133454408 48125819 1620253132 7635376337 0 49496047 3464531511 15620 
io.dropwizard.testing.junit.DAOTestRuleConfigTest.explicitConfigCreatesSessionFactory 8116476336 47023582 1617233082 7621696283 0 49730523 3428389169 16273 
io.dropwizard.testing.junit.DAOTestRuleConfigTest.explicitConfigCreatesSessionFactory 11177876965 72205737 2200545490 11093732045 0 66993382 5418985353 27300 
io.dropwizard.testing.junit.DAOTestRuleConfigTest.explicitConfigCreatesSessionFactory 11153914012 70365139 2194293477 10747253112 0 66472777 5195981885 37631 
io.dropwizard.testing.junit.DAOTestRuleConfigTest.explicitConfigCreatesSessionFactory 3628810432 14930930 737775737 2920399366 0 19178827 1094612169 7294 
io.dropwizard.testing.junit.DAOTestRuleConfigTest.explicitConfigCreatesSessionFactory 9907861860 63818157 1952754852 10113016002 0 60062296 4977608438 24092 
io.dropwizard.testing.junit.DAOTestRuleConfigTest.explicitConfigCreatesSessionFactory 8601350063 51857578 1715883150 8493161826 0 53523756 3738687603 20596 
io.dropwizard.testing.junit.DAOTestRuleConfigTest.explicitConfigCreatesSessionFactory 11191990366 73977338 2204496895 11847837449 0 64714356 5851922932 45858 
io.dropwizard.testing.junit.DAOTestRuleConfigTest.explicitConfigCreatesSessionFactory 8726281082 52323826 1730960073 8698641186 0 50854561 4069033732 42699 
io.dropwizard.testing.junit.DAOTestRuleConfigTest.explicitConfigCreatesSessionFactory 11221986113 71116320 2208485247 11000282000 0 66596822 5575325330 25919 
io.dropwizard.testing.junit.DAOTestRuleConfigTest.explicitConfigCreatesSessionFactory 10456762604 66889501 2064157452 10987807390 0 63660634 5513761063 47992 
io.dropwizard.testing.junit.DAOTestRuleConfigTest.explicitConfigCreatesSessionFactory 7388544715 40781450 1474715333 6709688059 0 44758291 2894969704 20132 
io.dropwizard.testing.junit.DAOTestRuleTest.rollsBackTransaction 4226892495 19772618 856127238 3585149396 0 23943269 1285218402 8141 
io.dropwizard.testing.junit.DAOTestRuleTest.ruleCanRoundtrip 4313985708 20485908 872235656 3674682869 0 24585795 1342988114 8151 
io.dropwizard.testing.junit.DAOTestRuleTest.transactionThrowsExceptionAsExpected 4405780212 21195470 889606274 3768476922 0 25222946 1403440702 8174 
io.dropwizard.testing.junit.DAOTestRuleTest.ruleCreatedSessionFactory 4478858445 21799801 903270795 3844648569 0 25710620 1457341584 8181 
io.dropwizard.testing.junit.DAOTestRuleTest.ruleCanOpenTransaction 4560198237 22497216 918641195 3931597789 0 26287112 1518159364 8196 
io.dropwizard.testing.junit.DAOTestRuleTest.rollsBackTransaction 4224859968 19419719 855607570 3486639144 0 23653207 1324326458 8146 
io.dropwizard.testing.junit.DAOTestRuleTest.ruleCanRoundtrip 4311824054 20126826 871681891 3577267192 0 24296152 1382966797 8152 
io.dropwizard.testing.junit.DAOTestRuleTest.transactionThrowsExceptionAsExpected 4402585838 20828918 888841894 3671732660 0 24928778 1443944783 8178 
io.dropwizard.testing.junit.DAOTestRuleTest.ruleCreatedSessionFactory 4474974653 21413503 902352449 3747413885 0 25412923 1497649592 8186 
io.dropwizard.testing.junit.DAOTestRuleTest.ruleCanOpenTransaction 4555798399 22072623 917609351 3833283014 0 25971882 1558517637 8199 
io.dropwizard.testing.junit.DAOTestRuleTest.rollsBackTransaction 4226557623 20116055 855767883 3623114067 0 23978012 1364129492 8110 
io.dropwizard.testing.junit.DAOTestRuleTest.ruleCanRoundtrip 4313616291 20838323 871875609 3714744042 0 24619208 1425089627 8119 
io.dropwizard.testing.junit.DAOTestRuleTest.transactionThrowsExceptionAsExpected 4405161635 21580330 889199757 3813779146 0 25264417 1489657773 8144 
io.dropwizard.testing.junit.DAOTestRuleTest.ruleCreatedSessionFactory 4476865918 22174804 902592465 3888916290 0 25743385 1544098858 8151 
io.dropwizard.testing.junit.DAOTestRuleTest.ruleCanOpenTransaction 4556863677 22840955 917691209 3973888513 0 26299001 1604957438 8166 
io.dropwizard.testing.junit.DAOTestRuleTest.rollsBackTransaction 10576193130 66306204 2084971039 10411975091 0 62643859 4988087391 27136 
io.dropwizard.testing.junit.DAOTestRuleTest.ruleCanOpenTransaction 10663723525 67190782 2101418052 10529459750 0 63272856 5056364150 27144 
io.dropwizard.testing.junit.DAOTestRuleTest.ruleCanRoundtrip 10745718489 67942522 2116775507 10619866822 0 63831078 5116659081 27148 
io.dropwizard.testing.junit.DAOTestRuleTest.ruleCreatedSessionFactory 10818567857 68552520 2130503879 10690457222 0 64270878 5164312600 27151 
io.dropwizard.testing.junit.DAOTestRuleTest.transactionThrowsExceptionAsExpected 10902016461 69230527 2146484129 10775914807 0 64792889 5220011809 27174 
io.dropwizard.testing.junit.DAOTestRuleTest.ruleCanRoundtrip 8507162016 50827452 1681609927 7839073245 0 49712544 3577820634 18903 
io.dropwizard.testing.junit.DAOTestRuleTest.ruleCanOpenTransaction 8585934817 51501663 1696335500 7931927840 0 50243242 3635417013 19389 
io.dropwizard.testing.junit.DAOTestRuleTest.transactionThrowsExceptionAsExpected 8670070440 52232976 1712385476 8038866029 0 50836259 3696403148 21586 
io.dropwizard.testing.junit.DAOTestRuleTest.ruleCreatedSessionFactory 8736717064 52784123 1724937031 8109660332 0 51264423 3743186328 23549 
io.dropwizard.testing.junit.DAOTestRuleTest.rollsBackTransaction 8816859464 53480581 1740130187 8202840358 0 51834561 3810661850 25394 
io.dropwizard.testing.junit.DAOTestRuleTest.ruleCreatedSessionFactory 3948164112 17286151 798950236 3273447915 0 21398457 1279338233 7502 
io.dropwizard.testing.junit.DAOTestRuleTest.ruleCanOpenTransaction 4055968034 18207890 819511014 3397630570 0 22214986 1355311214 7546 
io.dropwizard.testing.junit.DAOTestRuleTest.ruleCanRoundtrip 4207029149 19364257 849133881 3580133532 0 23295544 1461954184 7640 
io.dropwizard.testing.junit.DAOTestRuleTest.rollsBackTransaction 4330546995 20622064 872843880 3767982517 0 24243180 1574174597 8030 
io.dropwizard.testing.junit.DAOTestRuleTest.transactionThrowsExceptionAsExpected 4415125286 21375302 888949741 3873462750 0 24821601 1650554814 8054 
io.dropwizard.testing.junit.DAOTestRuleTest.ruleCreatedSessionFactory 9983130045 64423777 1966890828 10189374326 0 60514543 5032102606 24100 
io.dropwizard.testing.junit.DAOTestRuleTest.ruleCanOpenTransaction 10079547018 65163971 1985423644 10290431425 0 61132215 5100347588 24145 
io.dropwizard.testing.junit.DAOTestRuleTest.transactionThrowsExceptionAsExpected 10162105330 65791749 2001252363 10374462903 0 61635131 5157754876 24165 
io.dropwizard.testing.junit.DAOTestRuleTest.ruleCanRoundtrip 10300056047 66698365 2028616548 10513527398 0 62482436 5247420165 24247 
io.dropwizard.testing.junit.DAOTestRuleTest.rollsBackTransaction 10378643632 67404329 2043565281 10604017499 0 63022048 5317879309 24262 
io.dropwizard.testing.junit.DAOTestRuleTest.ruleCanOpenTransaction 10570417598 67279519 2082428149 10426820919 0 62538316 5076669659 22747 
io.dropwizard.testing.junit.DAOTestRuleTest.rollsBackTransaction 10725073050 68332340 2113054102 10598488842 0 63501235 5193532094 26455 
io.dropwizard.testing.junit.DAOTestRuleTest.ruleCreatedSessionFactory 10791857791 68891448 2125614391 10670310310 0 63900509 5246392640 27657 
io.dropwizard.testing.junit.DAOTestRuleTest.ruleCanRoundtrip 10861222375 69529584 2138686306 10752553639 0 64366121 5308432725 27732 
io.dropwizard.testing.junit.DAOTestRuleTest.transactionThrowsExceptionAsExpected 10937547924 70166767 2153333637 10842836584 0 64837928 5375630369 29901 
io.dropwizard.testing.junit.DAOTestRuleTest.transactionThrowsExceptionAsExpected 3751926674 15518019 762765725 3106321572 0 19987975 1152013342 14767 
io.dropwizard.testing.junit.DAOTestRuleTest.rollsBackTransaction 3982128561 16960437 808227949 3332951346 0 21514294 1284411113 14932 
io.dropwizard.testing.junit.DAOTestRuleTest.ruleCanRoundtrip 4074569734 17750353 825365724 3430671557 0 22206786 1348996033 14945 
io.dropwizard.testing.junit.DAOTestRuleTest.ruleCanOpenTransaction 4165233152 18500390 842470442 3524909629 0 22847566 1412533124 14956 
io.dropwizard.testing.junit.DAOTestRuleTest.ruleCreatedSessionFactory 4242958548 19227272 857058228 3624035620 0 23404849 1474038543 14967 
io.dropwizard.testing.junit.DAOTestRuleTest.ruleCreatedSessionFactory 10421562399 65409224 2055716651 10567528121 0 61719651 5142842339 44087 
io.dropwizard.testing.junit.DAOTestRuleTest.transactionThrowsExceptionAsExpected 10521338232 66168570 2074875261 10676864269 0 62338696 5221047320 44120 
io.dropwizard.testing.junit.DAOTestRuleTest.ruleCanRoundtrip 10683481725 67240865 2107087584 10854992868 0 63342114 5343534922 44229 
io.dropwizard.testing.junit.DAOTestRuleTest.ruleCanOpenTransaction 10761743115 67888581 2121928169 10942786830 0 63843721 5411044852 44235 
io.dropwizard.testing.junit.DAOTestRuleTest.rollsBackTransaction 10846926782 68643640 2138205184 11045191088 0 64437753 5488740427 44253 
io.dropwizard.testing.junit.DAOTestRuleTest.transactionThrowsExceptionAsExpected 9976014151 62257316 1963997375 9616820774 0 59025021 4782605588 20898 
io.dropwizard.testing.junit.DAOTestRuleTest.ruleCreatedSessionFactory 10054565405 63007795 1978716245 9728748472 0 59536951 4848873548 20904 
io.dropwizard.testing.junit.DAOTestRuleTest.ruleCanRoundtrip 10245793078 64355744 2016694820 9952419068 0 60738586 4976274236 21039 
io.dropwizard.testing.junit.DAOTestRuleTest.ruleCanOpenTransaction 10322704716 65103385 2031185601 10057240526 0 61279648 5038539683 21046 
io.dropwizard.testing.junit.DAOTestRuleTest.rollsBackTransaction 10404573729 65929123 2046706232 10166033976 0 61889596 5106884626 21062 
io.dropwizard.testing.junit.DAOTestRuleTest.ruleCanRoundtrip 10854560947 69783654 2139724846 11384420273 0 65690769 5779425004 48116 
io.dropwizard.testing.junit.DAOTestRuleTest.transactionThrowsExceptionAsExpected 10940121075 70432143 2156083116 11475590511 0 66215760 5843421389 48149 
io.dropwizard.testing.junit.DAOTestRuleTest.ruleCanOpenTransaction 11013376721 71034467 2169949090 11554444572 0 66686303 5900761319 48156 
io.dropwizard.testing.junit.DAOTestRuleTest.ruleCreatedSessionFactory 11078934028 71568304 2182375919 11627122553 0 67081029 5954110460 48157 
io.dropwizard.testing.junit.DAOTestRuleTest.rollsBackTransaction 11157596613 72258219 2197362461 11719558154 0 67615117 6028522063 48176 
io.dropwizard.testing.junit.DAOTestRuleTest.ruleCanOpenTransaction 7501286761 41645408 1496281466 6833050815 0 45470109 2983045540 20181 
io.dropwizard.testing.junit.DAOTestRuleTest.ruleCreatedSessionFactory 7579861940 42271911 1511003622 6916704548 0 45928708 3047925471 20192 
io.dropwizard.testing.junit.DAOTestRuleTest.ruleCanRoundtrip 7729014996 43274167 1540380759 7082746388 0 46834246 3171362886 20350 
io.dropwizard.testing.junit.DAOTestRuleTest.transactionThrowsExceptionAsExpected 7848708252 44157801 1563485175 7213995646 0 47509710 3269643823 20406 
io.dropwizard.testing.junit.DAOTestRuleTest.rollsBackTransaction 7936594032 44928675 1580100186 7317309632 0 48091119 3353084405 20431 
io.dropwizard.testing.junit.DAOTestRuleWithoutLoggingBootstrapTest.ruleCreatedSessionFactory 3572940149 14848868 726574268 2946432442 0 19349116 960652062 7653 
io.dropwizard.testing.junit.DAOTestRuleWithoutLoggingBootstrapTest.ruleCreatedSessionFactory 3573172631 14433898 726470251 2834245676 0 19050651 980969886 7654 
io.dropwizard.testing.junit.DAOTestRuleWithoutLoggingBootstrapTest.ruleCreatedSessionFactory 3573984287 14928888 726455034 2944219908 0 19296460 1014199960 7618 
io.dropwizard.testing.junit.DAOTestRuleWithoutLoggingBootstrapTest.ruleCreatedSessionFactory 11244538583 72756633 2213149667 11159509714 0 67380772 5465190945 27303 
io.dropwizard.testing.junit.DAOTestRuleWithoutLoggingBootstrapTest.ruleCreatedSessionFactory 8048719236 46546127 1590711835 7310613600 0 46160644 3305650652 18570 
io.dropwizard.testing.junit.DAOTestRuleWithoutLoggingBootstrapTest.ruleCreatedSessionFactory 3829796975 16417279 776360914 3150590145 0 20586967 1206967321 7447 
io.dropwizard.testing.junit.DAOTestRuleWithoutLoggingBootstrapTest.ruleCreatedSessionFactory 8054913679 48868698 1596058771 7877620349 0 47902603 3827654975 19786 
io.dropwizard.testing.junit.DAOTestRuleWithoutLoggingBootstrapTest.ruleCreatedSessionFactory 8679498712 52479562 1730470493 8570907207 0 53973953 3793703521 20600 
io.dropwizard.testing.junit.DAOTestRuleWithoutLoggingBootstrapTest.ruleCreatedSessionFactory 6832167433 35322936 1373567521 6327610021 0 40375071 2677242590 43318 
io.dropwizard.testing.junit.DAOTestRuleWithoutLoggingBootstrapTest.ruleCreatedSessionFactory 10914520569 69236683 2151061221 11119645332 0 64857773 5543792764 44255 
io.dropwizard.testing.junit.DAOTestRuleWithoutLoggingBootstrapTest.ruleCreatedSessionFactory 11129070625 70443021 2190542675 10899427531 0 66041280 5504845845 23713 
io.dropwizard.testing.junit.DAOTestRuleWithoutLoggingBootstrapTest.ruleCreatedSessionFactory 10533782342 67488045 2078588516 11064967486 0 64108080 5564961268 47996 
io.dropwizard.testing.junit.DAOTestRuleWithoutLoggingBootstrapTest.ruleCreatedSessionFactory 3588449122 14823992 729309502 2860412863 0 19218954 1017434375 15063 
io.dropwizard.testing.junit.DropwizardAppRuleConfigOverrideTest.supportsSuppliedConfigAttributeOverrides 189300872 776540 38475894 202678352 0 1152893 56227306 447 
io.dropwizard.testing.junit.DropwizardAppRuleConfigOverrideTest.supportsConfigAttributeOverrides 257933246 1100290 52404419 265204187 0 1623742 79294962 571 
io.dropwizard.testing.junit.DropwizardAppRuleConfigOverrideTest.supportsSuppliedConfigAttributeOverrides 189644620 739522 38533951 151012757 0 1100541 53201092 446 
io.dropwizard.testing.junit.DropwizardAppRuleConfigOverrideTest.supportsConfigAttributeOverrides 258338365 1048707 52471222 211949562 0 1564002 75096402 576 
io.dropwizard.testing.junit.DropwizardAppRuleConfigOverrideTest.supportsSuppliedConfigAttributeOverrides 189606337 743883 38519137 164990413 0 1115821 54722366 446 
io.dropwizard.testing.junit.DropwizardAppRuleConfigOverrideTest.supportsConfigAttributeOverrides 257982421 1087159 52389121 234835717 0 1598143 80659316 572 
io.dropwizard.testing.junit.DropwizardAppRuleConfigOverrideTest.supportsSuppliedConfigAttributeOverrides 7263277792 51814943 1408535418 7641160931 0 45261922 3969215351 15699 
io.dropwizard.testing.junit.DropwizardAppRuleConfigOverrideTest.supportsConfigAttributeOverrides 7265868401 51834957 1409026781 7644566363 0 45273650 3971153507 15699 
io.dropwizard.testing.junit.DropwizardAppRuleConfigOverrideTest.supportsConfigAttributeOverrides 9516611619 57836041 1879444523 8923478714 0 55934587 4169813081 36240 
io.dropwizard.testing.junit.DropwizardAppRuleConfigOverrideTest.supportsSuppliedConfigAttributeOverrides 9530964042 57933327 1882347370 8940585001 0 56045317 4178675846 36254 
io.dropwizard.testing.junit.DropwizardAppRuleConfigOverrideTest.supportsConfigAttributeOverrides 3832737036 16438026 776901811 3153807445 0 20603926 1208630638 7447 
io.dropwizard.testing.junit.DropwizardAppRuleConfigOverrideTest.supportsSuppliedConfigAttributeOverrides 3861788784 16570128 782912064 3182641009 0 20795168 1220386109 7494 
io.dropwizard.testing.junit.DropwizardAppRuleConfigOverrideTest.supportsSuppliedConfigAttributeOverrides 9709286798 62532469 1913306343 9845912305 0 58895393 4857319858 23968 
io.dropwizard.testing.junit.DropwizardAppRuleConfigOverrideTest.supportsConfigAttributeOverrides 9711555679 62547111 1913738696 9849012852 0 58905273 4859171351 23968 
io.dropwizard.testing.junit.DropwizardAppRuleConfigOverrideTest.supportsSuppliedConfigAttributeOverrides 5383919383 38474388 1059382855 5855622005 0 36844560 2792585927 11483 
io.dropwizard.testing.junit.DropwizardAppRuleConfigOverrideTest.supportsConfigAttributeOverrides 5386649816 38494542 1059896963 5859521499 0 36858361 2794945162 11483 
io.dropwizard.testing.junit.DropwizardAppRuleConfigOverrideTest.supportsSuppliedConfigAttributeOverrides 9147304560 54584333 1824002569 9275087023 0 55365424 4180510071 45297 
io.dropwizard.testing.junit.DropwizardAppRuleConfigOverrideTest.supportsConfigAttributeOverrides 9149730555 54598487 1824462123 9277406568 0 55375177 4182326050 45297 
io.dropwizard.testing.junit.DropwizardAppRuleConfigOverrideTest.supportsSuppliedConfigAttributeOverrides 8740620681 52427854 1733852357 8718607868 0 50965830 4079262388 42722 
io.dropwizard.testing.junit.DropwizardAppRuleConfigOverrideTest.supportsConfigAttributeOverrides 8743029674 52442294 1734312036 8720906869 0 50975853 4081009337 42722 
io.dropwizard.testing.junit.DropwizardAppRuleConfigOverrideTest.supportsConfigAttributeOverrides 11226589456 71145337 2209367383 11004594461 0 66616363 5578132193 26097 
io.dropwizard.testing.junit.DropwizardAppRuleConfigOverrideTest.supportsSuppliedConfigAttributeOverrides 11240536173 71240412 2212196090 11021600289 0 66718290 5586914606 26390 
io.dropwizard.testing.junit.DropwizardAppRuleConfigOverrideTest.supportsConfigAttributeOverrides 7216092884 53013901 1402367205 8151711612 0 46684949 4364497469 11501 
io.dropwizard.testing.junit.DropwizardAppRuleConfigOverrideTest.supportsSuppliedConfigAttributeOverrides 7230093215 53105272 1405194056 8168857615 0 46794286 4373682334 11522 
io.dropwizard.testing.junit.DropwizardAppRuleConfigOverrideTest.supportsSuppliedConfigAttributeOverrides 195695095 755043 39608487 156983973 0 1136386 56669926 441 
io.dropwizard.testing.junit.DropwizardAppRuleConfigOverrideTest.supportsConfigAttributeOverrides 263595815 1078372 53400481 218915087 0 1592992 81528031 558 
io.dropwizard.testing.junit.DropwizardAppRuleReentrantTest.testReentrantRuleStartsApplicationOnlyOnce 3885318697 17852248 788098205 3278642267 0 21880125 1138396021 7852 
io.dropwizard.testing.junit.DropwizardAppRuleReentrantTest.testReentrantRuleStartsApplicationOnlyOnce 3884033364 17516899 787707868 3176225390 0 21594273 1173105135 7855 
io.dropwizard.testing.junit.DropwizardAppRuleReentrantTest.testReentrantRuleStartsApplicationOnlyOnce 3885123734 18193713 787766862 3313569436 0 21922684 1212589219 7818 
io.dropwizard.testing.junit.DropwizardAppRuleReentrantTest.testReentrantRuleStartsApplicationOnlyOnce 11087135474 71553774 2182979255 11004085207 0 66444868 5359866510 27256 
io.dropwizard.testing.junit.DropwizardAppRuleReentrantTest.testReentrantRuleStartsApplicationOnlyOnce 8253951645 49392407 1631045144 7610332554 0 48208132 3468109723 18654 
io.dropwizard.testing.junit.DropwizardAppRuleReentrantTest.testReentrantRuleStartsApplicationOnlyOnce 8103899523 47783908 1615282703 7983463124 0 49693111 3617153808 14898 
io.dropwizard.testing.junit.DropwizardAppRuleReentrantTest.testReentrantRuleStartsApplicationOnlyOnce 4945538392 36252962 962272533 5336721830 0 31772964 2902715083 15128 
io.dropwizard.testing.junit.DropwizardAppRuleReentrantTest.testReentrantRuleStartsApplicationOnlyOnce 5369289262 38372285 1056447475 5835408597 0 36727202 2782886788 11458 
io.dropwizard.testing.junit.DropwizardAppRuleReentrantTest.testReentrantRuleStartsApplicationOnlyOnce 7111732967 38730496 1429539013 6726276363 0 42742729 2902177745 43479 
io.dropwizard.testing.junit.DropwizardAppRuleReentrantTest.testReentrantRuleStartsApplicationOnlyOnce 11089652360 71436073 2185635734 11342785075 0 66452732 5683203183 44338 
io.dropwizard.testing.junit.DropwizardAppRuleReentrantTest.testReentrantRuleStartsApplicationOnlyOnce 6778825758 48525808 1311152874 6890891497 0 42456119 3719485495 15712 
io.dropwizard.testing.junit.DropwizardAppRuleReentrantTest.testReentrantRuleStartsApplicationOnlyOnce 4940348248 37210071 961004049 5827531452 0 32447841 3174245950 5892 
io.dropwizard.testing.junit.DropwizardAppRuleReentrantTest.testReentrantRuleStartsApplicationOnlyOnce 8667226343 50863434 1724329017 8150946490 0 52809438 3871870954 29502 
io.dropwizard.testing.junit.DropwizardAppRuleResetConfigOverrideTest.test2 7979319979 45327673 1591016031 7322116526 0 48518091 3198637289 12428 
io.dropwizard.testing.junit.DropwizardAppRuleResetConfigOverrideTest.test2 7985431466 47085675 1591703160 7482270026 0 48632128 3367096817 12417 
io.dropwizard.testing.junit.DropwizardAppRuleResetConfigOverrideTest.test2 7969011027 45969423 1588783286 7463233270 0 48879778 3321966082 12406 
io.dropwizard.testing.junit.DropwizardAppRuleResetConfigOverrideTest.test2 3953138061 26757176 777960067 4085644290 0 27632046 1814778304 8958 
io.dropwizard.testing.junit.DropwizardAppRuleResetConfigOverrideTest.test2 11053745626 69565127 2174782896 10625576257 0 65829111 5104657999 37572 
io.dropwizard.testing.junit.DropwizardAppRuleResetConfigOverrideTest.test2 7833737149 44917530 1561178697 7537599794 0 47564153 3384886158 12278 
io.dropwizard.testing.junit.DropwizardAppRuleResetConfigOverrideTest.test2 9695438805 62434969 1910501550 9822218957 0 58785452 4846166050 23954 
io.dropwizard.testing.junit.DropwizardAppRuleResetConfigOverrideTest.test2 3960286924 26677489 778574082 4045428590 0 27200228 1889182894 9984 
io.dropwizard.testing.junit.DropwizardAppRuleResetConfigOverrideTest.test2 9133292357 54486824 1821166419 9256206052 0 55260607 4168748779 45278 
io.dropwizard.testing.junit.DropwizardAppRuleResetConfigOverrideTest.test2 10329194791 64661954 2038219476 10467691661 0 61139252 5070990158 44079 
io.dropwizard.testing.junit.DropwizardAppRuleResetConfigOverrideTest.test2 3930283012 25432475 772798286 3929726112 0 26858770 1797799041 8928 
io.dropwizard.testing.junit.DropwizardAppRuleResetConfigOverrideTest.test2 7213236305 52995067 1401832570 8148165329 0 46669881 4361820084 11500 
io.dropwizard.testing.junit.DropwizardAppRuleResetConfigOverrideTest.test2 7137183844 39188910 1425339324 6422947073 0 43302840 2724226591 19962 
io.dropwizard.testing.junit.DropwizardAppRuleTest.returnsEnvironment 7987451368 45375640 1592490095 7330074040 0 48561291 3203322107 12430 
io.dropwizard.testing.junit.DropwizardAppRuleTest.canPerformAdminTaskWithPostBody 7990321259 45391589 1593025162 7332573883 0 48572750 3204874748 12430 
io.dropwizard.testing.junit.DropwizardAppRuleTest.canGetExpectedResourceOverHttp 8007637708 45480991 1596496218 7349704679 0 48669665 3213479339 12455 
io.dropwizard.testing.junit.DropwizardAppRuleTest.returnsApplication 8009001781 45488557 1596742948 7350915728 0 48677435 3214090172 12455 
io.dropwizard.testing.junit.DropwizardAppRuleTest.clientSupportsPatchMethod 8011696735 45502861 1597248864 7352879624 0 48687437 3215041243 12455 
io.dropwizard.testing.junit.DropwizardAppRuleTest.canPerformAdminTask 8014470092 45518664 1597769904 7355056334 0 48698145 3215995926 12509 
io.dropwizard.testing.junit.DropwizardAppRuleTest.returnsConfiguration 8015909783 45527176 1598031236 7356270691 0 48705714 3216528840 12530 
io.dropwizard.testing.junit.DropwizardAppRuleTest.clientUsesJacksonMapperFromEnvironment 8018660246 45542518 1598548440 7358435215 0 48715807 3217518248 12621 
io.dropwizard.testing.junit.DropwizardAppRuleTest.returnsEnvironment 7993864421 47133599 1593229204 7490471958 0 48677175 3371814392 12418 
io.dropwizard.testing.junit.DropwizardAppRuleTest.canPerformAdminTaskWithPostBody 7996756957 47149366 1593768157 7492833893 0 48688228 3373138514 12418 
io.dropwizard.testing.junit.DropwizardAppRuleTest.canGetExpectedResourceOverHttp 8014076707 47237738 1597237775 7510634140 0 48785973 3382580383 12528 
io.dropwizard.testing.junit.DropwizardAppRuleTest.returnsApplication 8015473674 47246320 1597490436 7512065627 0 48794111 3383456052 12548 
io.dropwizard.testing.junit.DropwizardAppRuleTest.clientSupportsPatchMethod 8018250283 47261905 1598010694 7514453019 0 48804858 3384842738 12638 
io.dropwizard.testing.junit.DropwizardAppRuleTest.canPerformAdminTask 8021016540 47278350 1598530497 7516774346 0 48815824 3385934548 12728 
io.dropwizard.testing.junit.DropwizardAppRuleTest.returnsConfiguration 8022360109 47286227 1598773687 7517892802 0 48822723 3386442553 12749 
io.dropwizard.testing.junit.DropwizardAppRuleTest.clientUsesJacksonMapperFromEnvironment 8025092803 47301176 1599286459 7519932162 0 48832264 3387353784 12841 
io.dropwizard.testing.junit.DropwizardAppRuleTest.returnsEnvironment 7977279642 46019873 1590276813 7471784289 0 48921910 3327123619 12549 
io.dropwizard.testing.junit.DropwizardAppRuleTest.canPerformAdminTaskWithPostBody 7980075874 46035938 1590798718 7474476087 0 48932361 3329015330 12638 
io.dropwizard.testing.junit.DropwizardAppRuleTest.canGetExpectedResourceOverHttp 7997259147 46125777 1594244103 7493903392 0 49028937 3340441882 13104 
io.dropwizard.testing.junit.DropwizardAppRuleTest.returnsApplication 7998684026 46135167 1594502210 7495438151 0 49037273 3341438990 13124 
io.dropwizard.testing.junit.DropwizardAppRuleTest.clientSupportsPatchMethod 8001410033 46150535 1595013047 7497937313 0 49047553 3343085308 13214 
io.dropwizard.testing.junit.DropwizardAppRuleTest.canPerformAdminTask 8004093990 46166065 1595517353 7500082894 0 49057589 3344048584 13305 
io.dropwizard.testing.junit.DropwizardAppRuleTest.returnsConfiguration 8005415068 46173888 1595756357 7501155506 0 49064135 3344515726 13326 
io.dropwizard.testing.junit.DropwizardAppRuleTest.clientUsesJacksonMapperFromEnvironment 8008110772 46188795 1596262051 7503159546 0 49073543 3345359049 13417 
io.dropwizard.testing.junit.DropwizardAppRuleTest.canPerformAdminTask 3956943679 26782494 778657392 4091331229 0 27652005 1817868502 8958 
io.dropwizard.testing.junit.DropwizardAppRuleTest.canGetExpectedResourceOverHttp 3975073263 26879373 782262062 4117688139 0 27756425 1830030079 8980 
io.dropwizard.testing.junit.DropwizardAppRuleTest.returnsConfiguration 3977159123 26894700 782627922 4120923734 0 27769995 1831505982 8980 
io.dropwizard.testing.junit.DropwizardAppRuleTest.clientSupportsPatchMethod 3980463744 26915401 783234412 4125453446 0 27784437 1833942873 8980 
io.dropwizard.testing.junit.DropwizardAppRuleTest.returnsEnvironment 3982265356 26928108 783553152 4127934753 0 27794922 1834934705 8980 
io.dropwizard.testing.junit.DropwizardAppRuleTest.clientUsesJacksonMapperFromEnvironment 3985458566 26946996 784144031 4131940155 0 27807575 1836804558 8981 
io.dropwizard.testing.junit.DropwizardAppRuleTest.returnsApplication 3987113863 26958368 784439958 4134117950 0 27816587 1837642435 8981 
io.dropwizard.testing.junit.DropwizardAppRuleTest.canPerformAdminTaskWithPostBody 3990083186 26976066 784991287 4137796925 0 27828355 1839345694 8981 
io.dropwizard.testing.junit.DropwizardAppRuleTest.canPerformAdminTaskWithPostBody 84280328 420738 16926201 79906076 0 563231 31306823 120 
io.dropwizard.testing.junit.DropwizardAppRuleTest.returnsApplication 86704235 448794 17354840 83756169 0 587365 32925578 120 
io.dropwizard.testing.junit.DropwizardAppRuleTest.canPerformAdminTask 90375057 477787 18024775 88366341 0 609411 35520718 120 
io.dropwizard.testing.junit.DropwizardAppRuleTest.returnsConfiguration 92579139 490887 18411978 90565799 0 625174 36484327 120 
io.dropwizard.testing.junit.DropwizardAppRuleTest.clientSupportsPatchMethod 96210922 510499 19077804 93694961 0 643881 38083048 120 
io.dropwizard.testing.junit.DropwizardAppRuleTest.canGetExpectedResourceOverHttp 115169449 601082 22841993 110966355 0 755607 46168188 147 
io.dropwizard.testing.junit.DropwizardAppRuleTest.clientUsesJacksonMapperFromEnvironment 118426378 619482 23443840 113711619 0 771989 47596978 147 
io.dropwizard.testing.junit.DropwizardAppRuleTest.returnsEnvironment 120129532 629096 23748115 115167349 0 783465 48161785 147 
io.dropwizard.testing.junit.DropwizardAppRuleTest.returnsConfiguration 3634327554 14960155 738808785 2926036322 0 19217286 1097100690 7298 
io.dropwizard.testing.junit.DropwizardAppRuleTest.canPerformAdminTaskWithPostBody 3703822050 15273247 752853804 2991412664 0 19660178 1124818282 7410 
io.dropwizard.testing.junit.DropwizardAppRuleTest.clientSupportsPatchMethod 3707542269 15293346 753529301 2994649061 0 19679854 1126377375 7410 
io.dropwizard.testing.junit.DropwizardAppRuleTest.returnsEnvironment 3709734785 15305243 753914746 2996663741 0 19694525 1127157551 7410 
io.dropwizard.testing.junit.DropwizardAppRuleTest.canGetExpectedResourceOverHttp 3728569991 15399412 757650494 3013909958 0 19802931 1134416647 7439 
io.dropwizard.testing.junit.DropwizardAppRuleTest.canPerformAdminTask 3732182205 15428054 758310567 3018796944 0 19825836 1136461277 7440 
io.dropwizard.testing.junit.DropwizardAppRuleTest.returnsApplication 3734293464 15447667 758687520 3021808860 0 19843226 1137542438 7440 
io.dropwizard.testing.junit.DropwizardAppRuleTest.clientUsesJacksonMapperFromEnvironment 3737605864 15471801 759296467 3025753881 0 19861993 1138933912 7440 
io.dropwizard.testing.junit.DropwizardAppRuleTest.clientSupportsPatchMethod 4695246495 33545226 913299870 5033678958 0 29627779 2700167504 15015 
io.dropwizard.testing.junit.DropwizardAppRuleTest.returnsEnvironment 4696564747 33554746 913537265 5035089537 0 29635714 2700932213 15015 
io.dropwizard.testing.junit.DropwizardAppRuleTest.canGetExpectedResourceOverHttp 4701595030 33584188 914504681 5039320150 0 29650927 2703625104 15015 
io.dropwizard.testing.junit.DropwizardAppRuleTest.returnsApplication 4702863582 33593430 914737510 5040675649 0 29658439 2704368163 15015 
io.dropwizard.testing.junit.DropwizardAppRuleTest.canPerformAdminTask 4705498842 33609883 915235259 5043059114 0 29668943 2705778061 15015 
io.dropwizard.testing.junit.DropwizardAppRuleTest.canPerformAdminTaskWithPostBody 4708081857 33625430 915724045 5045250236 0 29678972 2706951077 15015 
io.dropwizard.testing.junit.DropwizardAppRuleTest.clientUsesJacksonMapperFromEnvironment 4710717096 33640904 916222497 5047445214 0 29688983 2708040952 15015 
io.dropwizard.testing.junit.DropwizardAppRuleTest.returnsConfiguration 4711933054 33649329 916445930 5048703889 0 29696156 2708615502 15015 
io.dropwizard.testing.junit.DropwizardAppRuleTest.canPerformAdminTaskWithPostBody 10939840926 70181368 2153772919 10845216676 0 64848215 5377413975 29991 
io.dropwizard.testing.junit.DropwizardAppRuleTest.canGetExpectedResourceOverHttp 10944576804 70209109 2154691890 10848817326 0 64862534 5379264518 30211 
io.dropwizard.testing.junit.DropwizardAppRuleTest.clientUsesJacksonMapperFromEnvironment 10946899159 70223364 2155136523 10850611209 0 64871573 5380084155 30302 
io.dropwizard.testing.junit.DropwizardAppRuleTest.clientSupportsPatchMethod 10949253755 70237684 2155586568 10852419675 0 64880670 5380858390 30392 
io.dropwizard.testing.junit.DropwizardAppRuleTest.returnsEnvironment 10950207589 70244537 2155764146 10853278926 0 64886604 5381263031 30411 
io.dropwizard.testing.junit.DropwizardAppRuleTest.returnsApplication 10951182774 70251398 2155945875 10854135390 0 64892035 5381684327 30431 
io.dropwizard.testing.junit.DropwizardAppRuleTest.canPerformAdminTask 10953488346 70265582 2156391629 10855992101 0 64900862 5382560883 30521 
io.dropwizard.testing.junit.DropwizardAppRuleTest.returnsConfiguration 10954478602 70272166 2156571644 10856827704 0 64906439 5382983810 30542 
io.dropwizard.testing.junit.DropwizardAppRuleTest.canPerformAdminTask 74632901 356506 15179376 97179098 0 510329 30803553 126 
io.dropwizard.testing.junit.DropwizardAppRuleTest.clientSupportsPatchMethod 79174266 386045 16008368 103577156 0 539318 33495628 126 
io.dropwizard.testing.junit.DropwizardAppRuleTest.clientUsesJacksonMapperFromEnvironment 83090530 411760 16721094 108599821 0 561752 35217719 126 
io.dropwizard.testing.junit.DropwizardAppRuleTest.canGetExpectedResourceOverHttp 102309521 507703 20524590 133591339 0 677456 44055103 150 
io.dropwizard.testing.junit.DropwizardAppRuleTest.returnsEnvironment 104464174 523574 20904254 136948028 0 693577 45584093 150 
io.dropwizard.testing.junit.DropwizardAppRuleTest.returnsConfiguration 106565020 537944 21274500 139921970 0 708605 46698395 150 
io.dropwizard.testing.junit.DropwizardAppRuleTest.canPerformAdminTaskWithPostBody 109876707 558162 21882426 144378215 0 724512 48941354 150 
io.dropwizard.testing.junit.DropwizardAppRuleTest.returnsApplication 111776125 571324 22223214 146942287 0 737273 49865267 150 
io.dropwizard.testing.junit.DropwizardAppRuleTest.canGetExpectedResourceOverHttp 5460492293 38132843 1064168522 5794179134 0 33720166 3015785414 14433 
io.dropwizard.testing.junit.DropwizardAppRuleTest.clientUsesJacksonMapperFromEnvironment 5463332730 38152042 1064710742 5797452242 0 33731891 3017460920 14433 
io.dropwizard.testing.junit.DropwizardAppRuleTest.returnsEnvironment 5464539910 38160531 1064932453 5798949688 0 33739470 3018088096 14433 
io.dropwizard.testing.junit.DropwizardAppRuleTest.canPerformAdminTask 5467314635 38177538 1065458458 5801900939 0 33750475 3019261111 14433 
io.dropwizard.testing.junit.DropwizardAppRuleTest.returnsApplication 5468500570 38185730 1065677178 5803320739 0 33757703 3019785608 14433 
io.dropwizard.testing.junit.DropwizardAppRuleTest.clientSupportsPatchMethod 5471199636 38203383 1066191409 5806084650 0 33768174 3021011722 14433 
io.dropwizard.testing.junit.DropwizardAppRuleTest.canPerformAdminTaskWithPostBody 5473923962 38232576 1066710338 5809071401 0 33778310 3022896295 14433 
io.dropwizard.testing.junit.DropwizardAppRuleTest.returnsConfiguration 5475112388 38250066 1066929250 5810553015 0 33784423 3023970491 14433 
io.dropwizard.testing.junit.DropwizardAppRuleTest.canPerformAdminTaskWithPostBody 6781282700 48541176 1311617224 6893878917 0 42467027 3722204436 15712 
io.dropwizard.testing.junit.DropwizardAppRuleTest.canGetExpectedResourceOverHttp 6786085676 48569284 1312544726 6898444204 0 42481321 3725744425 15712 
io.dropwizard.testing.junit.DropwizardAppRuleTest.returnsEnvironment 6787123438 48576868 1312735443 6899683580 0 42487864 3726604449 15712 
io.dropwizard.testing.junit.DropwizardAppRuleTest.clientUsesJacksonMapperFromEnvironment 6789615875 48591543 1313208406 6902012884 0 42498028 3728128575 15713 
io.dropwizard.testing.junit.DropwizardAppRuleTest.returnsConfiguration 6790659098 48598230 1313400445 6902992196 0 42504044 3728646252 15713 
io.dropwizard.testing.junit.DropwizardAppRuleTest.returnsApplication 6791864257 48604948 1313623246 6903965034 0 42509685 3729085029 15713 
io.dropwizard.testing.junit.DropwizardAppRuleTest.clientSupportsPatchMethod 6794207137 48618740 1314069221 6906164047 0 42518164 3730655016 15713 
io.dropwizard.testing.junit.DropwizardAppRuleTest.canPerformAdminTask 6796548505 48632456 1314516723 6908118725 0 42526723 3731786073 15713 
io.dropwizard.testing.junit.DropwizardAppRuleTest.returnsApplication 7231183555 53113556 1405393419 8170278009 0 46801947 4374625169 11522 
io.dropwizard.testing.junit.DropwizardAppRuleTest.returnsConfiguration 7232255231 53121364 1405588931 8171382866 0 46808565 4375122313 11522 
io.dropwizard.testing.junit.DropwizardAppRuleTest.canPerformAdminTaskWithPostBody 7234657622 53136447 1406046826 8173842812 0 46818145 4376930815 11522 
io.dropwizard.testing.junit.DropwizardAppRuleTest.clientUsesJacksonMapperFromEnvironment 7237080697 53151391 1406505259 8175785424 0 46827543 4377815002 11522 
io.dropwizard.testing.junit.DropwizardAppRuleTest.clientSupportsPatchMethod 7239405209 53165308 1406948220 8177540771 0 46836335 4378542169 11522 
io.dropwizard.testing.junit.DropwizardAppRuleTest.canGetExpectedResourceOverHttp 7244348463 53193132 1407905335 8181183311 0 46850469 4380388271 11522 
io.dropwizard.testing.junit.DropwizardAppRuleTest.canPerformAdminTask 7246681651 53207345 1408350258 8183014360 0 46859380 4381198953 11522 
io.dropwizard.testing.junit.DropwizardAppRuleTest.returnsEnvironment 7247624359 53214482 1408523851 8183988144 0 46864985 4381579881 11522 
io.dropwizard.testing.junit.DropwizardAppRuleTest.clientSupportsPatchMethod 7146594719 39245524 1427047463 6435899675 0 43352229 2730208413 19965 
io.dropwizard.testing.junit.DropwizardAppRuleTest.canPerformAdminTask 7149403698 39261299 1427570089 6439236799 0 43362647 2731672801 19965 
io.dropwizard.testing.junit.DropwizardAppRuleTest.returnsApplication 7150876091 39270547 1427834789 6441181700 0 43370258 2732460609 19965 
io.dropwizard.testing.junit.DropwizardAppRuleTest.canGetExpectedResourceOverHttp 7168320889 39363456 1431323358 6468165045 0 43470715 2745866349 19991 
io.dropwizard.testing.junit.DropwizardAppRuleTest.returnsEnvironment 7169724521 39372073 1431575742 6470249786 0 43478565 2746982831 19991 
io.dropwizard.testing.junit.DropwizardAppRuleTest.canPerformAdminTaskWithPostBody 7172476623 39387902 1432089582 6473905055 0 43488708 2749128163 19991 
io.dropwizard.testing.junit.DropwizardAppRuleTest.returnsConfiguration 7173862343 39396012 1432338023 6475705599 0 43495497 2749894326 19991 
io.dropwizard.testing.junit.DropwizardAppRuleTest.clientUsesJacksonMapperFromEnvironment 7176692620 39412579 1432866902 6479476789 0 43505523 2752009489 19991 
io.dropwizard.testing.junit.DropwizardAppRuleWithExplicitTest.runWithExplicitConfig 7982485879 45346937 1591603208 7325658897 0 48533958 3201287559 12428 
io.dropwizard.testing.junit.DropwizardAppRuleWithExplicitTest.runWithExplicitConfig 7988719124 47104896 1592309476 7485921116 0 48649444 3369760532 12417 
io.dropwizard.testing.junit.DropwizardAppRuleWithExplicitTest.runWithExplicitConfig 7972237395 45989039 1589378243 7467033724 0 48895923 3324845184 12490 
io.dropwizard.testing.junit.DropwizardAppRuleWithExplicitTest.runWithExplicitConfig 74883352 369423 15241296 71472325 0 513487 27414652 124 
io.dropwizard.testing.junit.DropwizardAppRuleWithExplicitTest.runWithExplicitConfig 79951258 391404 16142484 75649989 0 538028 29409733 119 
io.dropwizard.testing.junit.DropwizardAppRuleWithExplicitTest.runWithExplicitConfig 4418017696 21392918 889493145 3876920844 0 24836036 1653456017 8054 
io.dropwizard.testing.junit.DropwizardAppRuleWithExplicitTest.runWithExplicitConfig 74858647 395859 15221925 83467828 0 540671 30706123 122 
io.dropwizard.testing.junit.DropwizardAppRuleWithExplicitTest.runWithExplicitConfig 74735355 371587 15186804 73363076 0 519588 28380611 123 
io.dropwizard.testing.junit.DropwizardAppRuleWithExplicitTest.runWithExplicitConfig 124957853 656231 24632133 163908188 0 813514 56329037 150 
io.dropwizard.testing.junit.DropwizardAppRuleWithExplicitTest.runWithExplicitConfig 10916826516 69251014 2151504099 11121806753 0 64867590 5545303339 44255 
io.dropwizard.testing.junit.DropwizardAppRuleWithExplicitTest.runWithExplicitConfig 11224268244 71130885 2208922448 11002713805 0 66607006 5577225511 26008 
io.dropwizard.testing.junit.DropwizardAppRuleWithExplicitTest.runWithExplicitConfig 7249901359 53228884 1408958371 8185899854 0 46873728 4382368277 11522 
io.dropwizard.testing.junit.DropwizardAppRuleWithExplicitTest.runWithExplicitConfig 270689977 1125413 54699746 225340045 0 1630754 84898258 558 
io.dropwizard.testing.junit.DropwizardAppRuleWithoutConfigTest.runWithoutConfigFile 3888908557 17875524 788751808 3282405616 0 21899745 1140836536 7852 
io.dropwizard.testing.junit.DropwizardAppRuleWithoutConfigTest.runWithoutConfigFile 3887671605 17538588 788370651 3180113257 0 21614300 1175637100 7855 
io.dropwizard.testing.junit.DropwizardAppRuleWithoutConfigTest.runWithoutConfigFile 3888738355 18214865 788425356 3317267943 0 21941800 1215027209 7818 
io.dropwizard.testing.junit.DropwizardAppRuleWithoutConfigTest.runWithoutConfigFile 6445182310 46437107 1247797234 6755521151 0 40523396 3530732351 14657 
io.dropwizard.testing.junit.DropwizardAppRuleWithoutConfigTest.runWithoutConfigFile 74939442 364793 15232624 71002309 0 508234 26837093 119 
io.dropwizard.testing.junit.DropwizardAppRuleWithoutConfigTest.runWithoutConfigFile 10388139683 66384096 2045118749 10574008218 0 61206449 5230490750 26166 
io.dropwizard.testing.junit.DropwizardAppRuleWithoutConfigTest.runWithoutConfigFile 4947938914 36268549 962723871 5339508585 0 31784506 2904974889 15128 
io.dropwizard.testing.junit.DropwizardAppRuleWithoutConfigTest.runWithoutConfigFile 8682031849 52496272 1730952616 8573230877 0 53985223 3795139244 20600 
io.dropwizard.testing.junit.DropwizardAppRuleWithoutConfigTest.runWithoutConfigFile 121981696 637425 24077418 160360966 0 798982 55015634 150 
io.dropwizard.testing.junit.DropwizardAppRuleWithoutConfigTest.runWithoutConfigFile 5477798356 38280741 1067440209 5813367399 0 33793273 3025779186 14433 
io.dropwizard.testing.junit.DropwizardAppRuleWithoutConfigTest.runWithoutConfigFile 11059548775 69877284 2177425566 10826114894 0 65637008 5450262811 22447 
io.dropwizard.testing.junit.DropwizardAppRuleWithoutConfigTest.runWithoutConfigFile 4945451892 37240050 961983185 5832981245 0 32478161 3177228793 5894 
io.dropwizard.testing.junit.DropwizardAppRuleWithoutConfigTest.runWithoutConfigFile 274067542 1145485 55317864 228036199 0 1647078 86007072 558 
io.dropwizard.testing.junit.DropwizardClientRuleTest.shouldGetStringBodyFromDropWizard 7984221823 45356789 1591913010 7327286716 0 48544209 3202093431 12428 
io.dropwizard.testing.junit.DropwizardClientRuleTest.shouldGetDefaultStringBodyFromDropWizard 7985890038 45366345 1592210939 7328730976 0 48553374 3202706351 12429 
io.dropwizard.testing.junit.DropwizardClientRuleTest.shouldGetStringBodyFromDropWizard 7990495327 47114932 1592625498 7487619448 0 48659996 3370613146 12417 
io.dropwizard.testing.junit.DropwizardClientRuleTest.shouldGetDefaultStringBodyFromDropWizard 7992257758 47124526 1592941680 7489099107 0 48669345 3371225184 12418 
io.dropwizard.testing.junit.DropwizardClientRuleTest.shouldGetStringBodyFromDropWizard 7973963247 45999233 1589684278 7468719795 0 48905072 3325727896 12509 
io.dropwizard.testing.junit.DropwizardClientRuleTest.shouldGetDefaultStringBodyFromDropWizard 7975712623 46009622 1589996630 7470282012 0 48914087 3326411941 12530 
io.dropwizard.testing.junit.DropwizardClientRuleTest.shouldGetStringBodyFromDropWizard 11245576394 72765314 2213344276 11160833805 0 67388385 5466007366 27303 
io.dropwizard.testing.junit.DropwizardClientRuleTest.shouldGetDefaultStringBodyFromDropWizard 11246544226 72772806 2213524021 11161829015 0 67394392 5466477531 27303 
io.dropwizard.testing.junit.DropwizardClientRuleTest.shouldGetDefaultStringBodyFromDropWizard 121909457 639040 24068461 116692509 0 795137 48755321 147 
io.dropwizard.testing.junit.DropwizardClientRuleTest.shouldGetStringBodyFromDropWizard 123575007 648187 24366869 118059360 0 805636 49262791 147 
io.dropwizard.testing.junit.DropwizardClientRuleTest.shouldGetDefaultStringBodyFromDropWizard 7834963193 44926777 1561403338 7539871216 0 47573891 3386303070 12278 
io.dropwizard.testing.junit.DropwizardClientRuleTest.shouldGetStringBodyFromDropWizard 7836039144 44934604 1561602836 7541465874 0 47581066 3387028990 12278 
io.dropwizard.testing.junit.DropwizardClientRuleTest.shouldGetStringBodyFromDropWizard 9908846543 63825734 1952937971 10114227610 0 60070014 4978500621 24092 
io.dropwizard.testing.junit.DropwizardClientRuleTest.shouldGetDefaultStringBodyFromDropWizard 9909787304 63832229 1953112148 10115070669 0 60075989 4978895719 24092 
io.dropwizard.testing.junit.DropwizardClientRuleTest.shouldGetDefaultStringBodyFromDropWizard 8683176506 52504274 1731162437 8574301730 0 53992478 3795664708 20600 
io.dropwizard.testing.junit.DropwizardClientRuleTest.shouldGetStringBodyFromDropWizard 8684237482 52511601 1731356581 8575235024 0 53998805 3796081251 20600 
io.dropwizard.testing.junit.DropwizardClientRuleTest.shouldGetStringBodyFromDropWizard 5987209036 29674113 1206941046 5429165769 0 35124461 2219153963 28588 
io.dropwizard.testing.junit.DropwizardClientRuleTest.shouldGetDefaultStringBodyFromDropWizard 5988347974 29682568 1207146892 5430241695 0 35132474 2219643870 28608 
io.dropwizard.testing.junit.DropwizardClientRuleTest.shouldGetDefaultStringBodyFromDropWizard 9938573 69866 1971102 14822762 0 78787 5698829 8 
io.dropwizard.testing.junit.DropwizardClientRuleTest.shouldGetStringBodyFromDropWizard 13209167 95119 2551965 19875382 0 106598 7835299 9 
io.dropwizard.testing.junit.DropwizardClientRuleTest.shouldGetDefaultStringBodyFromDropWizard 10010790 54662 1985961 10243455 0 65586 4602974 7 
io.dropwizard.testing.junit.DropwizardClientRuleTest.shouldGetStringBodyFromDropWizard 13434482 73904 2593240 13892316 0 90422 6403407 8 
io.dropwizard.testing.junit.DropwizardClientRuleTest.shouldGetStringBodyFromDropWizard 5642000960 41288544 1100623420 6504955973 0 36505765 3500429341 10043 
io.dropwizard.testing.junit.DropwizardClientRuleTest.shouldGetDefaultStringBodyFromDropWizard 5643565896 41298589 1100903324 6506534468 0 36514427 3501116641 10044 
io.dropwizard.testing.junit.DropwizardClientRuleTest.shouldGetDefaultStringBodyFromDropWizard 10033045 59268 1988560 10501595 0 67499 4978025 7 
io.dropwizard.testing.junit.DropwizardClientRuleTest.shouldGetStringBodyFromDropWizard 13497796 80330 2603028 14122620 0 93505 6774704 9 
